<?xml version="1.0" encoding="UTF-8"?>
<testng-results skipped="0" failed="1" total="1" passed="0">
  <reporter-output>
  </reporter-output>
  <suite name="Default suite" duration-ms="15997" started-at="2022-04-25T18:39:06Z" finished-at="2022-04-25T18:39:22Z">
    <groups>
      <group name="cucumber">
        <method signature="AbstractTestNGCucumberTests.runScenario(io.cucumber.testng.PickleWrapper, io.cucumber.testng.FeatureWrapper)[pri:0, instance:cucumberOptions.FailTestRunner@7e0b0338]" name="runScenario" class="io.cucumber.testng.AbstractTestNGCucumberTests"/>
      </group> <!-- cucumber -->
    </groups>
    <test name="Default test" duration-ms="15997" started-at="2022-04-25T18:39:06Z" finished-at="2022-04-25T18:39:22Z">
      <class name="cucumberOptions.FailTestRunner">
        <test-method status="PASS" signature="setUpClass(org.testng.ITestContext)[pri:0, instance:cucumberOptions.FailTestRunner@7e0b0338]" name="setUpClass" is-config="true" duration-ms="1931" started-at="2022-04-26T00:09:06Z" finished-at="2022-04-26T00:09:08Z">
          <params>
            <param index="0">
              <value>
                <![CDATA[org.testng.TestRunner@5d2a4eed]]>
              </value>
            </param>
          </params>
          <reporter-output>
          </reporter-output>
        </test-method> <!-- setUpClass -->
        <test-method status="FAIL" signature="runScenario(io.cucumber.testng.PickleWrapper, io.cucumber.testng.FeatureWrapper)[pri:0, instance:cucumberOptions.FailTestRunner@7e0b0338]" name="runScenario" duration-ms="13441" started-at="2022-04-26T00:09:08Z" description="Runs Cucumber Scenarios" data-provider="scenarios" finished-at="2022-04-26T00:09:21Z">
          <params>
            <param index="0">
              <value>
                <![CDATA["Search Experience for product search in both Home and Offers page"]]>
              </value>
            </param>
            <param index="1">
              <value>
                <![CDATA["Optional[Search for Products]"]]>
              </value>
            </param>
          </params>
          <exception class="java.lang.AssertionError">
            <message>
              <![CDATA[expected [Beetroot] but found [No data]]]>
            </message>
            <full-stacktrace>
              <![CDATA[java.lang.AssertionError: expected [Beetroot] but found [No data]
	at org.testng.Assert.fail(Assert.java:94)
	at org.testng.Assert.failNotEquals(Assert.java:513)
	at org.testng.Assert.assertEqualsImpl(Assert.java:135)
	at org.testng.Assert.assertEquals(Assert.java:116)
	at org.testng.Assert.assertEquals(Assert.java:190)
	at org.testng.Assert.assertEquals(Assert.java:200)
	at stepDefinitions.OfferPageStepDefinition.validate_product_name_in_offers_page_matches_with_landing_page(OfferPageStepDefinition.java:62)
	at âœ½.validate product name in offers page matches with Landing page(file:///C:/2022/D_drive/Debashis/FCA/workspace/learning/CucumberFramework/src/test/java/features/searchProduct.feature:8)
]]>
            </full-stacktrace>
          </exception> <!-- java.lang.AssertionError -->
          <reporter-output>
          </reporter-output>
        </test-method> <!-- runScenario -->
        <test-method status="PASS" signature="tearDownClass()[pri:0, instance:cucumberOptions.FailTestRunner@7e0b0338]" name="tearDownClass" is-config="true" duration-ms="576" started-at="2022-04-26T00:09:21Z" finished-at="2022-04-26T00:09:22Z">
          <reporter-output>
          </reporter-output>
        </test-method> <!-- tearDownClass -->
      </class> <!-- cucumberOptions.FailTestRunner -->
    </test> <!-- Default test -->
  </suite> <!-- Default suite -->
</testng-results>
